{
  "0 debug pnpm:scope": {
    "selected": 1
  },
  "1 error pnpm": {
    "code": "ELIFECYCLE",
    "errno": "ENOENT",
    "syscall": "spawn",
    "file": "sh",
    "pkgid": "~TODO~@0.0.1",
    "stage": "dev",
    "script": "svelte-kit dev",
    "pkgname": "~TODO~",
    "err": {
      "name": "Error",
      "message": "~TODO~@0.0.1 dev: `svelte-kit dev`\nspawn ENOENT",
      "code": "ELIFECYCLE",
      "stack": "Error: ~TODO~@0.0.1 dev: `svelte-kit dev`\nspawn ENOENT\n    at ChildProcess.<anonymous> (/usr/local/lib/node_modules/pnpm/dist/pnpm.cjs:93167:22)\n    at ChildProcess.emit (events.js:400:28)\n    at maybeClose (internal/child_process.js:1055:16)\n    at Process.ChildProcess._handle.onexit (internal/child_process.js:288:5)"
    }
  }
}